<?xml version="1.0" encoding="UTF-8"?>
<!-- Generated by org.testng.reporters.JUnitXMLReporter -->
<testsuite ignored="8" hostname="DESKTOP-FM04VR0" failures="0" tests="1" name="Default test" time="17.303" errors="0" timestamp="2026-08-21T16:52:20 IST">
  <testcase classname="test.NewsFeedTests" name="verifyDeleteComment" time="9.472"/>
  <testcase classname="test.NewsFeedTests" name="checkEditComment" time="0.0">
    <ignored/>
  </testcase> <!-- checkEditComment -->
  <testcase classname="test.NewsFeedTests" name="check_confirmBeforeDlt" time="0.0">
    <ignored/>
  </testcase> <!-- check_confirmBeforeDlt -->
  <testcase classname="test.NewsFeedTests" name="feedVideo" time="0.0">
    <ignored/>
  </testcase> <!-- feedVideo -->
  <testcase classname="test.NewsFeedTests" name="like_Post" time="0.0">
    <ignored/>
  </testcase> <!-- like_Post -->
  <testcase classname="test.NewsFeedTests" name="verify_EditPost" time="0.0">
    <ignored/>
  </testcase> <!-- verify_EditPost -->
  <testcase classname="test.NewsFeedTests" name="feedPhoto" time="0.0">
    <ignored/>
  </testcase> <!-- feedPhoto -->
  <testcase classname="test.NewsFeedTests" name="deletePost" time="0.0">
    <ignored/>
  </testcase> <!-- deletePost -->
  <testcase classname="test.NewsFeedTests" name="verifyComment" time="0.0">
    <ignored/>
  </testcase> <!-- verifyComment -->
</testsuite> <!-- Default test -->
