<?xml version="1.0" encoding="UTF-8"?>
<!-- Generated by org.testng.reporters.JUnitXMLReporter -->
<testsuite ignored="4" hostname="DESKTOP-FM04VR0" failures="0" tests="3" name="Default test" time="18.072" errors="0" timestamp="2026-08-19T17:31:06 IST">
  <testcase classname="test.LoginTests" name="signin_InvalidCredentials" time="0.8"/>
  <testcase classname="test.LoginTests" name="signin_InvalidCredentials" time="0.771"/>
  <testcase classname="test.LoginTests" name="signin_InvalidCredentials" time="1.268"/>
  <testcase classname="test.LoginTests" name="userLogin_formfields" time="0.0">
    <ignored/>
  </testcase> <!-- userLogin_formfields -->
  <testcase classname="test.LoginTests" name="adminLogin_formfields" time="0.0">
    <ignored/>
  </testcase> <!-- adminLogin_formfields -->
  <testcase classname="test.LoginTests" name="signinValidCredentials" time="0.0">
    <ignored/>
  </testcase> <!-- signinValidCredentials -->
  <testcase classname="test.LoginTests" name="loginTabs" time="0.0">
    <ignored/>
  </testcase> <!-- loginTabs -->
</testsuite> <!-- Default test -->
