<?xml version="1.0" encoding="UTF-8"?>
<testng-results ignored="4" total="7" passed="3" failed="0" skipped="0">
  <reporter-output>
  </reporter-output>
  <suite started-at="2026-08-19T17:30:48 IST" name="Default suite" finished-at="2026-08-19T17:31:06 IST" duration-ms="18072">
    <groups>
    </groups>
    <test started-at="2026-08-19T17:30:48 IST" name="Default test" finished-at="2026-08-19T17:31:06 IST" duration-ms="18072">
      <class name="test.LoginTests">
        <test-method is-config="true" signature="setup(java.lang.reflect.Method)[pri:0, instance:test.LoginTests@2a4fb17b]" started-at="2026-08-19T17:30:48 IST" name="setup" finished-at="2026-08-19T17:30:58 IST" duration-ms="9341" status="PASS">
          <params>
            <param index="0">
              <value>
                <![CDATA[public void test.LoginTests.signin_InvalidCredentials(java.lang.String,java.lang.String)]]>
              </value>
            </param>
          </params>
          <reporter-output>
          </reporter-output>
        </test-method> <!-- setup -->
        <test-method signature="signin_InvalidCredentials(java.lang.String,java.lang.String)[pri:0, instance:test.LoginTests@2a4fb17b]" started-at="2026-08-19T17:30:58 IST" name="signin_InvalidCredentials" data-provider="loginData" finished-at="2026-08-19T17:30:59 IST" duration-ms="800" status="PASS">
          <params>
            <param index="0">
              <value>
                <![CDATA[gowdaasha570@gmail.com]]>
              </value>
            </param>
            <param index="1">
              <value>
                <![CDATA[Test@1234]]>
              </value>
            </param>
          </params>
          <reporter-output>
          </reporter-output>
        </test-method> <!-- signin_InvalidCredentials -->
        <test-method is-config="true" signature="tearDown(org.testng.ITestResult)[pri:0, instance:test.LoginTests@2a4fb17b]" started-at="2026-08-19T17:30:59 IST" name="tearDown" finished-at="2026-08-19T17:31:00 IST" duration-ms="972" status="PASS">
          <params>
            <param index="0">
              <value>
                <![CDATA[[TestResult name=signin_InvalidCredentials status=SUCCESS method=LoginTests.signin_InvalidCredentials(java.lang.String,java.lang.String)[pri:0, instance:test.LoginTests@2a4fb17b] output={null}]]]>
              </value>
            </param>
          </params>
          <reporter-output>
          </reporter-output>
        </test-method> <!-- tearDown -->
        <test-method is-config="true" signature="setup(java.lang.reflect.Method)[pri:0, instance:test.LoginTests@2a4fb17b]" started-at="2026-08-19T17:31:00 IST" name="setup" finished-at="2026-08-19T17:31:01 IST" duration-ms="1968" status="PASS">
          <params>
            <param index="0">
              <value>
                <![CDATA[public void test.LoginTests.signin_InvalidCredentials(java.lang.String,java.lang.String)]]>
              </value>
            </param>
          </params>
          <reporter-output>
          </reporter-output>
        </test-method> <!-- setup -->
        <test-method signature="signin_InvalidCredentials(java.lang.String,java.lang.String)[pri:0, instance:test.LoginTests@2a4fb17b]" started-at="2026-08-19T17:31:01 IST" name="signin_InvalidCredentials" data-provider="loginData" finished-at="2026-08-19T17:31:02 IST" duration-ms="771" status="PASS">
          <params>
            <param index="0">
              <value>
                <![CDATA[gowdaasha57@gmail.com]]>
              </value>
            </param>
            <param index="1">
              <value>
                <![CDATA[Test@123]]>
              </value>
            </param>
          </params>
          <reporter-output>
          </reporter-output>
        </test-method> <!-- signin_InvalidCredentials -->
        <test-method is-config="true" signature="tearDown(org.testng.ITestResult)[pri:0, instance:test.LoginTests@2a4fb17b]" started-at="2026-08-19T17:31:02 IST" name="tearDown" finished-at="2026-08-19T17:31:03 IST" duration-ms="294" status="PASS">
          <params>
            <param index="0">
              <value>
                <![CDATA[[TestResult name=signin_InvalidCredentials status=SUCCESS method=LoginTests.signin_InvalidCredentials(java.lang.String,java.lang.String)[pri:0, instance:test.LoginTests@2a4fb17b] output={null}]]]>
              </value>
            </param>
          </params>
          <reporter-output>
          </reporter-output>
        </test-method> <!-- tearDown -->
        <test-method is-config="true" signature="setup(java.lang.reflect.Method)[pri:0, instance:test.LoginTests@2a4fb17b]" started-at="2026-08-19T17:31:03 IST" name="setup" finished-at="2026-08-19T17:31:04 IST" duration-ms="1769" status="PASS">
          <params>
            <param index="0">
              <value>
                <![CDATA[public void test.LoginTests.signin_InvalidCredentials(java.lang.String,java.lang.String)]]>
              </value>
            </param>
          </params>
          <reporter-output>
          </reporter-output>
        </test-method> <!-- setup -->
        <test-method signature="signin_InvalidCredentials(java.lang.String,java.lang.String)[pri:0, instance:test.LoginTests@2a4fb17b]" started-at="2026-08-19T17:31:04 IST" name="signin_InvalidCredentials" data-provider="loginData" finished-at="2026-08-19T17:31:06 IST" duration-ms="1268" status="PASS">
          <params>
            <param index="0">
              <value>
                <![CDATA[gowdaasha57@gmail.com]]>
              </value>
            </param>
            <param index="1">
              <value>
                <![CDATA[Test@1243]]>
              </value>
            </param>
          </params>
          <reporter-output>
          </reporter-output>
        </test-method> <!-- signin_InvalidCredentials -->
        <test-method is-config="true" signature="tearDown(org.testng.ITestResult)[pri:0, instance:test.LoginTests@2a4fb17b]" started-at="2026-08-19T17:31:06 IST" name="tearDown" finished-at="2026-08-19T17:31:06 IST" duration-ms="345" status="PASS">
          <params>
            <param index="0">
              <value>
                <![CDATA[[TestResult name=signin_InvalidCredentials status=SUCCESS method=LoginTests.signin_InvalidCredentials(java.lang.String,java.lang.String)[pri:0, instance:test.LoginTests@2a4fb17b] output={null}]]]>
              </value>
            </param>
          </params>
          <reporter-output>
          </reporter-output>
        </test-method> <!-- tearDown -->
      </class> <!-- test.LoginTests -->
    </test> <!-- Default test -->
  </suite> <!-- Default suite -->
</testng-results>
