<?xml version="1.0" encoding="UTF-8"?>
<!-- Generated by org.testng.reporters.JUnitReportReporter -->
<testsuite hostname="DESKTOP-FM04VR0" failures="0" tests="3" name="test.LoginTests" time="17.528" errors="0" timestamp="2026-08-19T17:31:06 IST" skipped="0">
  <testcase classname="test.LoginTests" name="signin_InvalidCredentials" time="3.331"/>
  <testcase classname="test.LoginTests" name="signin_InvalidCredentials" time="3.084"/>
  <testcase classname="test.LoginTests" name="signin_InvalidCredentials" time="11.113"/>
</testsuite> <!-- test.LoginTests -->
